# JRE version: OpenJDK Runtime Environment Temurin-17.0.5+8 (17.0.5+8) (build 17.0.5+8)
# Java VM: OpenJDK 64-Bit Server VM Temurin-17.0.5+8 (17.0.5+8, mixed mode, tiered, compressed oops, compressed class ptrs, g1 gc, windows-amd64)
GC Precious Log:
 CPUs: 4 total, 4 available
 Memory: 8056M
 Large Page Support: Disabled
 NUMA Support: Disabled
 Compressed Oops: Enabled (32-bit)
 Heap Region Size: 1M
 Heap Min Capacity: 8M
 Heap Initial Capacity: 126M
 Heap Max Capacity: 2016M
 Pre-touch: Disabled
 Parallel Workers: 4
 Concurrent Workers: 1
 Concurrent Refinement Workers: 4
 Periodic GC: Disabled
Heap:
 garbage-first heap   total 44032K, used 31188K [0x0000000082000000, 0x0000000100000000)
  region size 1024K, 18 young (18432K), 3 survivors (3072K)
 Metaspace       used 43242K, committed 43712K, reserved 1089536K
  class space    used 5286K, committed 5504K, reserved 1048576K
GC Heap History (20 events):
Event: 1.092 GC heap before
{Heap before GC invocations=1 (full 0):
 garbage-first heap   total 129024K, used 18909K [0x0000000082000000, 0x0000000100000000)
  region size 1024K, 15 young (15360K), 2 survivors (2048K)
 Metaspace       used 15374K, committed 15552K, reserved 1064960K
  class space    used 1621K, committed 1728K, reserved 1048576K
}
Event: 1.095 GC heap after
{Heap after GC invocations=2 (full 0):
 garbage-first heap   total 129024K, used 7106K [0x0000000082000000, 0x0000000100000000)
  region size 1024K, 2 young (2048K), 2 survivors (2048K)
 Metaspace       used 15374K, committed 15552K, reserved 1064960K
  class space    used 1621K, committed 1728K, reserved 1048576K
}
Event: 1.358 GC heap before
{Heap before GC invocations=2 (full 0):
 garbage-first heap   total 129024K, used 24514K [0x0000000082000000, 0x0000000100000000)
  region size 1024K, 21 young (21504K), 2 survivors (2048K)
 Metaspace       used 21372K, committed 21504K, reserved 1073152K
  class space    used 2289K, committed 2368K, reserved 1048576K
}
Event: 1.362 GC heap after
{Heap after GC invocations=3 (full 0):
 garbage-first heap   total 129024K, used 8719K [0x0000000082000000, 0x0000000100000000)
  region size 1024K, 3 young (3072K), 3 survivors (3072K)
 Metaspace       used 21372K, committed 21504K, reserved 1073152K
  class space    used 2289K, committed 2368K, reserved 1048576K
}
Event: 1.761 GC heap before
{Heap before GC invocations=4 (full 0):
 garbage-first heap   total 34816K, used 26127K [0x0000000082000000, 0x0000000100000000)
  region size 1024K, 20 young (20480K), 3 survivors (3072K)
 Metaspace       used 24671K, committed 24960K, reserved 1073152K
  class space    used 2731K, committed 2880K, reserved 1048576K
}
Event: 1.765 GC heap after
{Heap after GC invocations=5 (full 0):
 garbage-first heap   total 34816K, used 10145K [0x0000000082000000, 0x0000000100000000)
  region size 1024K, 2 young (2048K), 2 survivors (2048K)
 Metaspace       used 24671K, committed 24960K, reserved 1073152K
  class space    used 2731K, committed 2880K, reserved 1048576K
}
Event: 1.809 GC heap before
{Heap before GC invocations=5 (full 0):
 garbage-first heap   total 34816K, used 11169K [0x0000000082000000, 0x0000000100000000)
  region size 1024K, 3 young (3072K), 2 survivors (2048K)
 Metaspace       used 24748K, committed 25024K, reserved 1073152K
  class space    used 2732K, committed 2880K, reserved 1048576K
}
Event: 1.813 GC heap after
{Heap after GC invocations=6 (full 0):
 garbage-first heap   total 34816K, used 10267K [0x0000000082000000, 0x0000000100000000)
  region size 1024K, 1 young (1024K), 1 survivors (1024K)
 Metaspace       used 24748K, committed 25024K, reserved 1073152K
  class space    used 2732K, committed 2880K, reserved 1048576K
}
Event: 2.132 GC heap before
{Heap before GC invocations=6 (full 0):
 garbage-first heap   total 34816K, used 21531K [0x0000000082000000, 0x0000000100000000)
  region size 1024K, 12 young (12288K), 1 survivors (1024K)
 Metaspace       used 26110K, committed 26304K, reserved 1073152K
  class space    used 2893K, committed 3008K, reserved 1048576K
}
Event: 2.136 GC heap after
{Heap after GC invocations=7 (full 0):
 garbage-first heap   total 34816K, used 11058K [0x0000000082000000, 0x0000000100000000)
  region size 1024K, 2 young (2048K), 2 survivors (2048K)
 Metaspace       used 26110K, committed 26304K, reserved 1073152K
  class space    used 2893K, committed 3008K, reserved 1048576K
}
Event: 2.464 GC heap before
{Heap before GC invocations=7 (full 0):
 garbage-first heap   total 34816K, used 21298K [0x0000000082000000, 0x0000000100000000)
  region size 1024K, 13 young (13312K), 2 survivors (2048K)
 Metaspace       used 27960K, committed 28224K, reserved 1081344K
  class space    used 3156K, committed 3264K, reserved 1048576K
}
Event: 2.467 GC heap after
{Heap after GC invocations=8 (full 0):
 garbage-first heap   total 34816K, used 11979K [0x0000000082000000, 0x0000000100000000)
  region size 1024K, 2 young (2048K), 2 survivors (2048K)
 Metaspace       used 27960K, committed 28224K, reserved 1081344K
  class space    used 3156K, committed 3264K, reserved 1048576K
}
Event: 2.952 GC heap before
{Heap before GC invocations=8 (full 0):
 garbage-first heap   total 34816K, used 24267K [0x0000000082000000, 0x0000000100000000)
  region size 1024K, 14 young (14336K), 2 survivors (2048K)
 Metaspace       used 30337K, committed 30720K, reserved 1081344K
  class space    used 3510K, committed 3712K, reserved 1048576K
}
Event: 2.957 GC heap after
{Heap after GC invocations=9 (full 0):
 garbage-first heap   total 34816K, used 13157K [0x0000000082000000, 0x0000000100000000)
  region size 1024K, 2 young (2048K), 2 survivors (2048K)
 Metaspace       used 30337K, committed 30720K, reserved 1081344K
  class space    used 3510K, committed 3712K, reserved 1048576K
}
Event: 3.540 GC heap before
{Heap before GC invocations=9 (full 0):
 garbage-first heap   total 34816K, used 24421K [0x0000000082000000, 0x0000000100000000)
  region size 1024K, 13 young (13312K), 2 survivors (2048K)
 Metaspace       used 33398K, committed 33792K, reserved 1081344K
  class space    used 3902K, committed 4096K, reserved 1048576K
}
Event: 3.547 GC heap after
{Heap after GC invocations=10 (full 0):
 garbage-first heap   total 34816K, used 14577K [0x0000000082000000, 0x0000000100000000)
  region size 1024K, 2 young (2048K), 2 survivors (2048K)
 Metaspace       used 33398K, committed 33792K, reserved 1081344K
  class space    used 3902K, committed 4096K, reserved 1048576K
}
Event: 3.861 GC heap before
{Heap before GC invocations=10 (full 0):
 garbage-first heap   total 34816K, used 22769K [0x0000000082000000, 0x0000000100000000)
  region size 1024K, 12 young (12288K), 2 survivors (2048K)
 Metaspace       used 35746K, committed 36096K, reserved 1081344K
  class space    used 4177K, committed 4352K, reserved 1048576K
}
Event: 3.866 GC heap after
{Heap after GC invocations=11 (full 0):
 garbage-first heap   total 44032K, used 15990K [0x0000000082000000, 0x0000000100000000)
  region size 1024K, 2 young (2048K), 2 survivors (2048K)
 Metaspace       used 35746K, committed 36096K, reserved 1081344K
  class space    used 4177K, committed 4352K, reserved 1048576K
}
Event: 4.550 GC heap before
{Heap before GC invocations=12 (full 0):
 garbage-first heap   total 44032K, used 31350K [0x0000000082000000, 0x0000000100000000)
  region size 1024K, 17 young (17408K), 2 survivors (2048K)
 Metaspace       used 38884K, committed 39296K, reserved 1089536K
  class space    used 4620K, committed 4800K, reserved 1048576K
}
Event: 4.554 GC heap after
{Heap after GC invocations=13 (full 0):
 garbage-first heap   total 44032K, used 16852K [0x0000000082000000, 0x0000000100000000)
  region size 1024K, 3 young (3072K), 3 survivors (3072K)
 Metaspace       used 38884K, committed 39296K, reserved 1089536K
  class space    used 4620K, committed 4800K, reserved 1048576K
}

