# JRE version: OpenJDK Runtime Environment Temurin-17.0.5+8 (17.0.5+8) (build 17.0.5+8)
# Java VM: OpenJDK 64-Bit Server VM Temurin-17.0.5+8 (17.0.5+8, mixed mode, tiered, compressed oops, compressed class ptrs, g1 gc, windows-amd64)
GC Precious Log:
 CPUs: 4 total, 4 available
 Memory: 8056M
 Large Page Support: Disabled
 NUMA Support: Disabled
 Compressed Oops: Enabled (32-bit)
 Heap Region Size: 1M
 Heap Min Capacity: 8M
 Heap Initial Capacity: 126M
 Heap Max Capacity: 2016M
 Pre-touch: Disabled
 Parallel Workers: 4
 Concurrent Workers: 1
 Concurrent Refinement Workers: 4
 Periodic GC: Disabled
Heap:
 garbage-first heap   total 55296K, used 23834K [0x0000000082000000, 0x0000000100000000)
  region size 1024K, 4 young (4096K), 3 survivors (3072K)
 Metaspace       used 62134K, committed 62592K, reserved 1105920K
  class space    used 8051K, committed 8256K, reserved 1048576K
GC Heap History (20 events):
Event: 1.772 GC heap before
{Heap before GC invocations=6 (full 0):
 garbage-first heap   total 34816K, used 20603K [0x0000000082000000, 0x0000000100000000)
  region size 1024K, 12 young (12288K), 1 survivors (1024K)
 Metaspace       used 26097K, committed 26304K, reserved 1073152K
  class space    used 2892K, committed 3008K, reserved 1048576K
}
Event: 1.776 GC heap after
{Heap after GC invocations=7 (full 0):
 garbage-first heap   total 34816K, used 11146K [0x0000000082000000, 0x0000000100000000)
  region size 1024K, 2 young (2048K), 2 survivors (2048K)
 Metaspace       used 26097K, committed 26304K, reserved 1073152K
  class space    used 2892K, committed 3008K, reserved 1048576K
}
Event: 2.047 GC heap before
{Heap before GC invocations=7 (full 0):
 garbage-first heap   total 34816K, used 22410K [0x0000000082000000, 0x0000000100000000)
  region size 1024K, 13 young (13312K), 2 survivors (2048K)
 Metaspace       used 27975K, committed 28224K, reserved 1081344K
  class space    used 3155K, committed 3264K, reserved 1048576K
}
Event: 2.050 GC heap after
{Heap after GC invocations=8 (full 0):
 garbage-first heap   total 55296K, used 11899K [0x0000000082000000, 0x0000000100000000)
  region size 1024K, 2 young (2048K), 2 survivors (2048K)
 Metaspace       used 27975K, committed 28224K, reserved 1081344K
  class space    used 3155K, committed 3264K, reserved 1048576K
}
Event: 3.031 GC heap before
{Heap before GC invocations=8 (full 0):
 garbage-first heap   total 55296K, used 40571K [0x0000000082000000, 0x0000000100000000)
  region size 1024K, 30 young (30720K), 2 survivors (2048K)
 Metaspace       used 34817K, committed 35200K, reserved 1081344K
  class space    used 4044K, committed 4224K, reserved 1048576K
}
Event: 3.038 GC heap after
{Heap after GC invocations=9 (full 0):
 garbage-first heap   total 55296K, used 15135K [0x0000000082000000, 0x0000000100000000)
  region size 1024K, 4 young (4096K), 4 survivors (4096K)
 Metaspace       used 34817K, committed 35200K, reserved 1081344K
  class space    used 4044K, committed 4224K, reserved 1048576K
}
Event: 3.207 GC heap before
{Heap before GC invocations=9 (full 0):
 garbage-first heap   total 55296K, used 19231K [0x0000000082000000, 0x0000000100000000)
  region size 1024K, 9 young (9216K), 4 survivors (4096K)
 Metaspace       used 35698K, committed 36096K, reserved 1081344K
  class space    used 4168K, committed 4352K, reserved 1048576K
}
Event: 3.215 GC heap after
{Heap after GC invocations=10 (full 0):
 garbage-first heap   total 55296K, used 16188K [0x0000000082000000, 0x0000000100000000)
  region size 1024K, 1 young (1024K), 1 survivors (1024K)
 Metaspace       used 35698K, committed 36096K, reserved 1081344K
  class space    used 4168K, committed 4352K, reserved 1048576K
}
Event: 3.754 GC heap before
{Heap before GC invocations=11 (full 0):
 garbage-first heap   total 55296K, used 38716K [0x0000000082000000, 0x0000000100000000)
  region size 1024K, 23 young (23552K), 1 survivors (1024K)
 Metaspace       used 40570K, committed 40960K, reserved 1089536K
  class space    used 4910K, committed 5120K, reserved 1048576K
}
Event: 3.757 GC heap after
{Heap after GC invocations=12 (full 0):
 garbage-first heap   total 55296K, used 17100K [0x0000000082000000, 0x0000000100000000)
  region size 1024K, 2 young (2048K), 2 survivors (2048K)
 Metaspace       used 40570K, committed 40960K, reserved 1089536K
  class space    used 4910K, committed 5120K, reserved 1048576K
}
Event: 4.344 GC heap before
{Heap before GC invocations=12 (full 0):
 garbage-first heap   total 55296K, used 38604K [0x0000000082000000, 0x0000000100000000)
  region size 1024K, 24 young (24576K), 2 survivors (2048K)
 Metaspace       used 47102K, committed 47488K, reserved 1097728K
  class space    used 5780K, committed 5952K, reserved 1048576K
}
Event: 4.347 GC heap after
{Heap after GC invocations=13 (full 0):
 garbage-first heap   total 55296K, used 18619K [0x0000000082000000, 0x0000000100000000)
  region size 1024K, 3 young (3072K), 3 survivors (3072K)
 Metaspace       used 47102K, committed 47488K, reserved 1097728K
  class space    used 5780K, committed 5952K, reserved 1048576K
}
Event: 4.956 GC heap before
{Heap before GC invocations=13 (full 0):
 garbage-first heap   total 55296K, used 40123K [0x0000000082000000, 0x0000000100000000)
  region size 1024K, 25 young (25600K), 3 survivors (3072K)
 Metaspace       used 53512K, committed 53952K, reserved 1097728K
  class space    used 6800K, committed 7040K, reserved 1048576K
}
Event: 4.960 GC heap after
{Heap after GC invocations=14 (full 0):
 garbage-first heap   total 55296K, used 19967K [0x0000000082000000, 0x0000000100000000)
  region size 1024K, 3 young (3072K), 3 survivors (3072K)
 Metaspace       used 53512K, committed 53952K, reserved 1097728K
  class space    used 6800K, committed 7040K, reserved 1048576K
}
Event: 5.450 GC heap before
{Heap before GC invocations=14 (full 0):
 garbage-first heap   total 55296K, used 41471K [0x0000000082000000, 0x0000000100000000)
  region size 1024K, 24 young (24576K), 3 survivors (3072K)
 Metaspace       used 58695K, committed 59200K, reserved 1105920K
  class space    used 7488K, committed 7744K, reserved 1048576K
}
Event: 5.455 GC heap after
{Heap after GC invocations=15 (full 0):
 garbage-first heap   total 55296K, used 21486K [0x0000000082000000, 0x0000000100000000)
  region size 1024K, 3 young (3072K), 3 survivors (3072K)
 Metaspace       used 58695K, committed 59200K, reserved 1105920K
  class space    used 7488K, committed 7744K, reserved 1048576K
}
Event: 5.617 GC heap before
{Heap before GC invocations=15 (full 0):
 garbage-first heap   total 55296K, used 31726K [0x0000000082000000, 0x0000000100000000)
  region size 1024K, 14 young (14336K), 3 survivors (3072K)
 Metaspace       used 59823K, committed 60288K, reserved 1105920K
  class space    used 7676K, committed 7936K, reserved 1048576K
}
Event: 5.621 GC heap after
{Heap after GC invocations=16 (full 0):
 garbage-first heap   total 55296K, used 21912K [0x0000000082000000, 0x0000000100000000)
  region size 1024K, 2 young (2048K), 2 survivors (2048K)
 Metaspace       used 59823K, committed 60288K, reserved 1105920K
  class space    used 7676K, committed 7936K, reserved 1048576K
}
Event: 6.032 GC heap before
{Heap before GC invocations=17 (full 0):
 garbage-first heap   total 55296K, used 43416K [0x0000000082000000, 0x0000000100000000)
  region size 1024K, 23 young (23552K), 2 survivors (2048K)
 Metaspace       used 62074K, committed 62528K, reserved 1105920K
  class space    used 8044K, committed 8256K, reserved 1048576K
}
Event: 6.036 GC heap after
{Heap after GC invocations=18 (full 0):
 garbage-first heap   total 55296K, used 23834K [0x0000000082000000, 0x0000000100000000)
  region size 1024K, 3 young (3072K), 3 survivors (3072K)
 Metaspace       used 62074K, committed 62528K, reserved 1105920K
  class space    used 8044K, committed 8256K, reserved 1048576K
}

